
> nx run admin-panel:serve:development --host=0.0.0.0 --allowed-hosts=all

[1m[33m[39m[22m
[1m[33mWarning: This is a simple server for use in testing or debugging Angular applications[39m[22m
[1m[33mlocally. It hasn't been reviewed for security issues.[39m[22m
[1m[33m[39m[22m
[1m[33mBinding this server to an open connection can result in compromising your application or[39m[22m
[1m[33mcomputer. Using a different host than the one passed to the "--host" flag might result in[39m[22m
[1m[33mwebsocket connection issues.[39m[22m
[1m[33m    [39m[22m
[1m[33mLocalization (`localize` option) has been disabled. The development server only supports localizing a single locale per build.[39m[22m
[33m❯[39m Building...
[32m✔[39m Building...
[37m[1mInitial chunk files[22m[2m | [22m[1mNames[22m                       [2m | [22m [1mRaw size[22m[39m
[37m[32mstyles.css[39m[37m         [2m | [22m[2mstyles[22m                      [2m | [22m [36m61.15 kB[39m[37m[2m | [22m[39m
[37m[32mmain.js[39m[37m            [2m | [22m[2mmain[22m                        [2m | [22m [36m35.15 kB[39m[37m[2m | [22m[39m
[37m[32mchunk-JKKUUCPO.js[39m[37m  [2m | [22m[2m-[22m                           [2m | [22m  [36m6.04 kB[39m[37m[2m | [22m[39m
[37m[32mchunk-RRS5XSJA.js[39m[37m  [2m | [22m[2m-[22m                           [2m | [22m  [36m2.18 kB[39m[37m[2m | [22m[39m
[37m[32mchunk-PZ5AY32C.js[39m[37m  [2m | [22m[2m-[22m                           [2m | [22m[36m234 bytes[39m[37m[2m | [22m[39m
[37m[32mpolyfills.js[39m[37m       [2m | [22m[2mpolyfills[22m                   [2m | [22m[36m166 bytes[39m[37m[2m | [22m[39m
[37m[39m
[37m[1m [22m                  [2m | [22m[1mInitial total[22m               [2m | [22m[1m104.92 kB[22m[39m
[37m[39m
[37m[1mLazy chunk files[22m   [2m | [22m[1mNames[22m                       [2m | [22m [1mRaw size[22m[39m
[37m[32mchunk-ELWHFRSG.js[39m[37m  [2m | [22m[2mservice-calculator-component[22m[2m | [22m [36m24.26 kB[39m[37m[2m | [22m[39m
[37m[32mchunk-RM2QR7NP.js[39m[37m  [2m | [22m[2mchat-component[22m              [2m | [22m [36m22.61 kB[39m[37m[2m | [22m[39m
[37m[32mchunk-TGFON3UY.js[39m[37m  [2m | [22m[2madmin-dashboard-component[22m   [2m | [22m [36m22.20 kB[39m[37m[2m | [22m[39m
[37m[32mchunk-4JDSJB7H.js[39m[37m  [2m | [22m[2mtake-queue-component[22m        [2m | [22m [36m15.94 kB[39m[37m[2m | [22m[39m
[37m[32mchunk-UDL5LSZF.js[39m[37m  [2m | [22m[2mbooking-component[22m           [2m | [22m [36m13.96 kB[39m[37m[2m | [22m[39m
[37m[32mchunk-ZBLEOOCF.js[39m[37m  [2m | [22m[2mqueue-dashboard-component[22m   [2m | [22m [36m13.29 kB[39m[37m[2m | [22m[39m
[37m[32mchunk-H273XMNH.js[39m[37m  [2m | [22m[2m-[22m                           [2m | [22m  [36m1.28 kB[39m[37m[2m | [22m[39m
[37m[39m
[37mApplication bundle generation complete. [7.726 seconds] - 2026-01-20T03:12:55.004Z[39m
[37m[39m
[1m[33m[33m▲ [43;33m[[43;30mWARNING[43;33m][0m [1mNG8113: LanguageSwitcherComponent is not used within the template of AdminDashboardComponent[0m [1m[35m[plugin angular-compiler][0m[39m[22m
[1m[33m[39m[22m
[1m[33m    apps/admin-panel/src/app/features/admin/admin-dashboard.component.ts:10:26:[39m[22m
[1m[33m[37m      10 │   imports: [CommonModule, [32mLanguageSwitcherComponent[37m],[39m[22m
[1m[33m         ╵                           [32m~~~~~~~~~~~~~~~~~~~~~~~~~[0m[39m[22m
[1m[33m[39m[22m
[1m[33m[39m[22m
[1m[33m[33m▲ [43;33m[[43;30mWARNING[43;33m][0m [1mDirect import of '@angular/localize/init' detected. This may lead to undefined behavior.[0m [1m[35m[plugin angular-localize-init-warning][0m[39m[22m
[1m[33m[39m[22m
[1m[33m    apps/admin-panel/src/main.ts:1:7:[39m[22m
[1m[33m[37m      1 │ import [32m'@angular/localize/init'[37m;[39m[22m
[1m[33m        ╵        [32m~~~~~~~~~~~~~~~~~~~~~~~~[0m[39m[22m
[1m[33m[39m[22m
[1m[33m  Include '@angular/localize/init' as a polyfill instead.[39m[22m
[1m[33m[39m[22m
[1m[33m[39m[22m
[37mWatch mode enabled. Watching for file changes...[39m
[37mNOTE: Raw file sizes do not reflect development server per-request transformations.[39m
  [32m➜[39m  [1mLocal[22m:   [36mhttp://localhost:[1m4200[22m/[39m
  [32m➜[39m  [1mNetwork[22m: [36mhttp://192.168.0.2:[1m4200[22m/[39m
